TN:
SF:src/modules/players/useCases/createPlayer/CreatePlayerController.ts
FN:6,CreatePlayerController
FN:7,Object.<anonymous>.CreatePlayerController.handle
FNF:2
FNH:2
FNDA:1,CreatePlayerController
FNDA:2,Object.<anonymous>.CreatePlayerController.handle
DA:1,1
DA:2,1
DA:3,1
DA:4,1
DA:5,1
DA:6,1
DA:7,1
DA:8,2
DA:9,2
DA:10,2
DA:11,2
DA:12,2
DA:13,2
DA:14,2
DA:15,2
DA:16,1
DA:17,1
DA:18,1
LF:18
LH:18
BRDA:6,0,0,1
BRDA:6,1,0,1
BRDA:7,2,0,2
BRF:3
BRH:3
end_of_record
TN:
SF:src/modules/players/useCases/createPlayer/CreatePlayerUseCase.ts
FN:10,CreatePlayerUseCase
FN:14,Object.<anonymous>.CreatePlayerUseCase.execute
FNF:2
FNH:2
FNDA:2,CreatePlayerUseCase
FNDA:2,Object.<anonymous>.CreatePlayerUseCase.execute
DA:1,1
DA:2,1
DA:3,1
DA:4,1
DA:5,1
DA:6,1
DA:7,1
DA:8,1
DA:9,1
DA:10,1
DA:11,2
DA:12,2
DA:13,2
DA:14,1
DA:15,2
DA:16,2
DA:17,2
DA:18,2
DA:19,1
DA:20,2
DA:21,2
DA:22,2
DA:23,2
DA:24,2
DA:25,2
DA:26,2
DA:27,1
DA:28,1
DA:29,1
DA:30,1
DA:31,1
DA:32,1
DA:33,1
DA:34,1
DA:35,1
DA:36,1
DA:37,2
DA:38,2
DA:39,2
DA:40,1
DA:41,1
DA:42,1
LF:42
LH:42
BRDA:9,0,0,1
BRDA:10,1,0,2
BRDA:14,2,0,2
BRDA:15,3,0,2
BRDA:26,4,0,1
BRDA:17,5,0,2
BRDA:18,6,0,1
BRF:7
BRH:7
end_of_record
TN:
SF:src/modules/players/useCases/deletePlayer/DeletePlayerController.ts
FN:6,DeletePlayerController
FN:7,Object.<anonymous>.DeletePlayerController.handle
FNF:2
FNH:2
FNDA:1,DeletePlayerController
FNDA:2,Object.<anonymous>.DeletePlayerController.handle
DA:1,1
DA:2,1
DA:3,1
DA:4,1
DA:5,1
DA:6,1
DA:7,1
DA:8,2
DA:9,2
DA:10,2
DA:11,2
DA:12,2
DA:13,2
DA:14,2
DA:15,2
DA:16,1
DA:17,1
DA:18,1
LF:18
LH:18
BRDA:6,0,0,1
BRDA:6,1,0,1
BRDA:7,2,0,2
BRF:3
BRH:3
end_of_record
TN:
SF:src/modules/players/useCases/deletePlayer/DeletePlayerUseCase.ts
FN:8,DeletePlayerUseCase
FN:12,Object.<anonymous>.DeletePlayerUseCase.execute
FNF:2
FNH:2
FNDA:2,DeletePlayerUseCase
FNDA:2,Object.<anonymous>.DeletePlayerUseCase.execute
DA:1,1
DA:2,1
DA:3,1
DA:4,1
DA:5,1
DA:6,1
DA:7,1
DA:8,1
DA:9,2
DA:10,2
DA:11,2
DA:12,1
DA:13,2
DA:14,2
DA:15,2
DA:16,1
DA:17,1
DA:18,1
DA:19,1
DA:20,2
DA:21,1
DA:22,1
DA:23,1
LF:23
LH:23
BRDA:7,0,0,1
BRDA:8,1,0,2
BRDA:12,2,0,2
BRDA:13,3,0,2
BRDA:15,4,0,1
BRF:5
BRH:5
end_of_record
TN:
SF:src/modules/players/useCases/listAllPlayers/ListAllPlayersController.ts
FN:6,ListAllPlayersController
FN:7,Object.<anonymous>.ListAllPlayersController.handle
FNF:2
FNH:2
FNDA:1,ListAllPlayersController
FNDA:1,Object.<anonymous>.ListAllPlayersController.handle
DA:1,1
DA:2,1
DA:3,1
DA:4,1
DA:5,1
DA:6,1
DA:7,1
DA:8,1
DA:9,1
DA:10,1
DA:11,1
DA:12,1
DA:13,1
DA:14,1
DA:15,1
DA:16,1
LF:16
LH:16
BRDA:6,0,0,1
BRDA:6,1,0,1
BRDA:7,2,0,1
BRF:3
BRH:3
end_of_record
TN:
SF:src/modules/players/useCases/listAllPlayers/ListAllPlayersUseCase.ts
FN:7,ListAllPlayersUseCase
FN:12,Object.<anonymous>.ListAllPlayersUseCase.execute
FNF:2
FNH:2
FNDA:1,ListAllPlayersUseCase
FNDA:1,Object.<anonymous>.ListAllPlayersUseCase.execute
DA:1,1
DA:2,1
DA:3,1
DA:4,1
DA:5,1
DA:6,1
DA:7,1
DA:8,1
DA:9,1
DA:10,1
DA:11,1
DA:12,1
DA:13,1
DA:14,1
DA:15,1
DA:16,1
DA:17,1
DA:18,1
DA:19,1
LF:19
LH:19
BRDA:6,0,0,1
BRDA:7,1,0,1
BRDA:12,2,0,1
BRDA:13,3,0,1
BRF:4
BRH:4
end_of_record
TN:
SF:src/modules/players/useCases/listDetailedPlayerInformation/ListDetailedPlayerInformationController.ts
FN:6,ListDetailedPlayerInformationController
FN:7,Object.<anonymous>.ListDetailedPlayerInformationController.handle
FNF:2
FNH:2
FNDA:1,ListDetailedPlayerInformationController
FNDA:1,Object.<anonymous>.ListDetailedPlayerInformationController.handle
DA:1,1
DA:2,1
DA:3,1
DA:4,1
DA:5,1
DA:6,1
DA:7,1
DA:8,1
DA:9,1
DA:10,1
DA:11,1
DA:12,1
DA:13,1
DA:14,1
DA:15,1
DA:16,1
DA:17,1
DA:18,1
LF:18
LH:18
BRDA:6,0,0,1
BRDA:6,1,0,1
BRDA:7,2,0,1
BRF:3
BRH:3
end_of_record
TN:
SF:src/modules/players/useCases/listDetailedPlayerInformation/ListDetailedPlayerInformationUseCase.ts
FN:13,ListDetailedPlayerInformationUseCase
FN:18,Object.<anonymous>.ListDetailedPlayerInformationUseCase.execute
FNF:2
FNH:2
FNDA:1,ListDetailedPlayerInformationUseCase
FNDA:1,Object.<anonymous>.ListDetailedPlayerInformationUseCase.execute
DA:1,1
DA:2,1
DA:3,1
DA:4,1
DA:5,1
DA:6,1
DA:7,1
DA:8,1
DA:9,1
DA:10,1
DA:11,1
DA:12,1
DA:13,1
DA:14,1
DA:15,1
DA:16,1
DA:17,1
DA:18,1
DA:19,1
DA:20,1
DA:21,1
DA:22,1
DA:23,1
DA:24,1
DA:25,1
DA:26,1
DA:27,1
DA:28,1
DA:29,1
DA:30,1
DA:31,1
DA:32,1
DA:33,1
LF:33
LH:33
BRDA:12,0,0,1
BRDA:13,1,0,1
BRDA:18,2,0,1
BRDA:19,3,0,1
BRDA:21,4,0,1
BRDA:21,5,0,1
BRDA:22,6,0,1
BRF:7
BRH:7
end_of_record
TN:
SF:src/modules/players/useCases/updatePlayer/UpdatePlayerController.ts
FN:6,UpdatePlayerController
FN:7,Object.<anonymous>.UpdatePlayerController.handle
FNF:2
FNH:2
FNDA:1,UpdatePlayerController
FNDA:2,Object.<anonymous>.UpdatePlayerController.handle
DA:1,1
DA:2,1
DA:3,1
DA:4,1
DA:5,1
DA:6,1
DA:7,1
DA:8,2
DA:9,2
DA:10,2
DA:11,2
DA:12,2
DA:13,2
DA:14,2
DA:15,2
DA:16,2
DA:17,2
DA:18,2
DA:19,2
DA:20,2
DA:21,2
DA:22,1
DA:23,1
DA:24,1
LF:24
LH:24
BRDA:6,0,0,1
BRDA:6,1,0,1
BRDA:7,2,0,2
BRF:3
BRH:3
end_of_record
TN:
SF:src/modules/players/useCases/updatePlayer/UpdatePlayerUseCase.ts
FN:16,UpdatePlayerUseCase
FN:20,Object.<anonymous>.UpdatePlayerUseCase.execute
FNF:2
FNH:2
FNDA:2,UpdatePlayerUseCase
FNDA:2,Object.<anonymous>.UpdatePlayerUseCase.execute
DA:1,1
DA:2,1
DA:3,1
DA:4,1
DA:5,1
DA:6,1
DA:7,1
DA:8,1
DA:9,1
DA:10,1
DA:11,1
DA:12,1
DA:13,1
DA:14,1
DA:15,1
DA:16,1
DA:17,2
DA:18,2
DA:19,2
DA:20,1
DA:21,2
DA:22,2
DA:23,2
DA:24,2
DA:25,2
DA:26,2
DA:27,2
DA:28,1
DA:29,1
DA:30,1
DA:31,1
DA:32,1
DA:33,1
DA:34,1
DA:35,2
DA:36,2
DA:37,2
DA:38,1
DA:39,1
DA:40,1
LF:40
LH:40
BRDA:15,0,0,1
BRDA:16,1,0,2
BRDA:20,2,0,2
BRDA:25,3,0,2
BRDA:27,4,0,1
BRF:5
BRH:5
end_of_record
